# JRE version: OpenJDK Runtime Environment Temurin-17.0.4.1+1 (17.0.4.1+1) (build 17.0.4.1+1)
# Java VM: OpenJDK 64-Bit Server VM Temurin-17.0.4.1+1 (17.0.4.1+1, mixed mode, emulated-client, tiered, compressed oops, compressed class ptrs, g1 gc, windows-amd64)
GC Precious Log:
 CPUs: 4 total, 4 available
 Memory: 3992M
 Large Page Support: Disabled
 NUMA Support: Disabled
 Compressed Oops: Enabled (32-bit)
 Heap Region Size: 1M
 Heap Min Capacity: 8M
 Heap Initial Capacity: 64M
 Heap Max Capacity: 1000M
 Pre-touch: Disabled
 Parallel Workers: 4
 Concurrent Workers: 1
 Concurrent Refinement Workers: 4
 Periodic GC: Disabled
Heap:
 garbage-first heap   total 174080K, used 83102K [0x00000000c1800000, 0x0000000100000000)
  region size 1024K, 6 young (6144K), 6 survivors (6144K)
 Metaspace       used 35864K, committed 36160K, reserved 1081344K
  class space    used 4658K, committed 4800K, reserved 1048576K
GC Heap History (20 events):
Event: 126.908 GC heap after
{Heap after GC invocations=20 (full 0):
 garbage-first heap   total 174080K, used 47614K [0x00000000c1800000, 0x0000000100000000)
  region size 1024K, 3 young (3072K), 3 survivors (3072K)
 Metaspace       used 35437K, committed 35776K, reserved 1081344K
  class space    used 4597K, committed 4736K, reserved 1048576K
}
Event: 133.560 GC heap before
{Heap before GC invocations=21 (full 0):
 garbage-first heap   total 163840K, used 115198K [0x00000000c1800000, 0x0000000100000000)
  region size 1024K, 68 young (69632K), 3 survivors (3072K)
 Metaspace       used 35547K, committed 35968K, reserved 1081344K
  class space    used 4611K, committed 4800K, reserved 1048576K
}
Event: 133.620 GC heap after
{Heap after GC invocations=22 (full 0):
 garbage-first heap   total 163840K, used 65296K [0x00000000c1800000, 0x0000000100000000)
  region size 1024K, 9 young (9216K), 9 survivors (9216K)
 Metaspace       used 35547K, committed 35968K, reserved 1081344K
  class space    used 4611K, committed 4800K, reserved 1048576K
}
Event: 133.623 GC heap before
{Heap before GC invocations=22 (full 0):
 garbage-first heap   total 163840K, used 65296K [0x00000000c1800000, 0x0000000100000000)
  region size 1024K, 10 young (10240K), 9 survivors (9216K)
 Metaspace       used 35554K, committed 35968K, reserved 1081344K
  class space    used 4611K, committed 4800K, reserved 1048576K
}
Event: 133.645 GC heap after
{Heap after GC invocations=23 (full 0):
 garbage-first heap   total 163840K, used 66179K [0x00000000c1800000, 0x0000000100000000)
  region size 1024K, 2 young (2048K), 2 survivors (2048K)
 Metaspace       used 35554K, committed 35968K, reserved 1081344K
  class space    used 4611K, committed 4800K, reserved 1048576K
}
Event: 134.644 GC heap before
{Heap before GC invocations=23 (full 0):
 garbage-first heap   total 163840K, used 110211K [0x00000000c1800000, 0x0000000100000000)
  region size 1024K, 46 young (47104K), 2 survivors (2048K)
 Metaspace       used 35654K, committed 36032K, reserved 1081344K
  class space    used 4624K, committed 4800K, reserved 1048576K
}
Event: 134.647 GC heap after
{Heap after GC invocations=24 (full 0):
 garbage-first heap   total 163840K, used 66819K [0x00000000c1800000, 0x0000000100000000)
  region size 1024K, 2 young (2048K), 2 survivors (2048K)
 Metaspace       used 35654K, committed 36032K, reserved 1081344K
  class space    used 4624K, committed 4800K, reserved 1048576K
}
Event: 135.363 GC heap before
{Heap before GC invocations=24 (full 0):
 garbage-first heap   total 163840K, used 112899K [0x00000000c1800000, 0x0000000100000000)
  region size 1024K, 48 young (49152K), 2 survivors (2048K)
 Metaspace       used 35654K, committed 36032K, reserved 1081344K
  class space    used 4624K, committed 4800K, reserved 1048576K
}
Event: 135.369 GC heap after
{Heap after GC invocations=25 (full 0):
 garbage-first heap   total 163840K, used 68680K [0x00000000c1800000, 0x0000000100000000)
  region size 1024K, 4 young (4096K), 4 survivors (4096K)
 Metaspace       used 35654K, committed 36032K, reserved 1081344K
  class space    used 4624K, committed 4800K, reserved 1048576K
}
Event: 135.437 GC heap before
{Heap before GC invocations=25 (full 0):
 garbage-first heap   total 163840K, used 118856K [0x00000000c1800000, 0x0000000100000000)
  region size 1024K, 54 young (55296K), 4 survivors (4096K)
 Metaspace       used 35654K, committed 36032K, reserved 1081344K
  class space    used 4624K, committed 4800K, reserved 1048576K
}
Event: 135.444 GC heap after
{Heap after GC invocations=26 (full 0):
 garbage-first heap   total 163840K, used 70743K [0x00000000c1800000, 0x0000000100000000)
  region size 1024K, 4 young (4096K), 4 survivors (4096K)
 Metaspace       used 35654K, committed 36032K, reserved 1081344K
  class space    used 4624K, committed 4800K, reserved 1048576K
}
Event: 135.782 GC heap before
{Heap before GC invocations=26 (full 0):
 garbage-first heap   total 163840K, used 122967K [0x00000000c1800000, 0x0000000100000000)
  region size 1024K, 56 young (57344K), 4 survivors (4096K)
 Metaspace       used 35654K, committed 36032K, reserved 1081344K
  class space    used 4624K, committed 4800K, reserved 1048576K
}
Event: 135.789 GC heap after
{Heap after GC invocations=27 (full 0):
 garbage-first heap   total 163840K, used 73148K [0x00000000c1800000, 0x0000000100000000)
  region size 1024K, 5 young (5120K), 5 survivors (5120K)
 Metaspace       used 35654K, committed 36032K, reserved 1081344K
  class space    used 4624K, committed 4800K, reserved 1048576K
}
Event: 136.877 GC heap before
{Heap before GC invocations=27 (full 0):
 garbage-first heap   total 163840K, used 126396K [0x00000000c1800000, 0x0000000100000000)
  region size 1024K, 58 young (59392K), 5 survivors (5120K)
 Metaspace       used 35703K, committed 36032K, reserved 1081344K
  class space    used 4635K, committed 4800K, reserved 1048576K
}
Event: 136.888 GC heap after
{Heap after GC invocations=28 (full 0):
 garbage-first heap   total 163840K, used 74821K [0x00000000c1800000, 0x0000000100000000)
  region size 1024K, 6 young (6144K), 6 survivors (6144K)
 Metaspace       used 35703K, committed 36032K, reserved 1081344K
  class space    used 4635K, committed 4800K, reserved 1048576K
}
Event: 137.062 GC heap before
{Heap before GC invocations=28 (full 0):
 garbage-first heap   total 163840K, used 129093K [0x00000000c1800000, 0x0000000100000000)
  region size 1024K, 60 young (61440K), 6 survivors (6144K)
 Metaspace       used 35731K, committed 36096K, reserved 1081344K
  class space    used 4640K, committed 4800K, reserved 1048576K
}
Event: 137.074 GC heap after
{Heap after GC invocations=29 (full 0):
 garbage-first heap   total 163840K, used 77373K [0x00000000c1800000, 0x0000000100000000)
  region size 1024K, 7 young (7168K), 7 survivors (7168K)
 Metaspace       used 35731K, committed 36096K, reserved 1081344K
  class space    used 4640K, committed 4800K, reserved 1048576K
}
Event: 137.516 GC heap before
{Heap before GC invocations=29 (full 0):
 garbage-first heap   total 163840K, used 130621K [0x00000000c1800000, 0x0000000100000000)
  region size 1024K, 60 young (61440K), 7 survivors (7168K)
 Metaspace       used 35807K, committed 36160K, reserved 1081344K
  class space    used 4650K, committed 4800K, reserved 1048576K
}
Event: 137.527 GC heap after
{Heap after GC invocations=30 (full 0):
 garbage-first heap   total 163840K, used 79583K [0x00000000c1800000, 0x0000000100000000)
  region size 1024K, 5 young (5120K), 5 survivors (5120K)
 Metaspace       used 35807K, committed 36160K, reserved 1081344K
  class space    used 4650K, committed 4800K, reserved 1048576K
}
Event: 137.694 GC heap before
{Heap before GC invocations=30 (full 0):
 garbage-first heap   total 163840K, used 132831K [0x00000000c1800000, 0x0000000100000000)
  region size 1024K, 58 young (59392K), 5 survivors (5120K)
 Metaspace       used 35864K, committed 36160K, reserved 1081344K
  class space    used 4658K, committed 4800K, reserved 1048576K
}

