# JRE version: OpenJDK Runtime Environment Temurin-17.0.4.1+1 (17.0.4.1+1) (build 17.0.4.1+1)
# Java VM: OpenJDK 64-Bit Server VM Temurin-17.0.4.1+1 (17.0.4.1+1, mixed mode, emulated-client, tiered, compressed oops, compressed class ptrs, g1 gc, windows-amd64)
GC Precious Log:
 CPUs: 4 total, 4 available
 Memory: 3992M
 Large Page Support: Disabled
 NUMA Support: Disabled
 Compressed Oops: Enabled (32-bit)
 Heap Region Size: 1M
 Heap Min Capacity: 8M
 Heap Initial Capacity: 64M
 Heap Max Capacity: 1000M
 Pre-touch: Disabled
 Parallel Workers: 4
 Concurrent Workers: 1
 Concurrent Refinement Workers: 4
 Periodic GC: Disabled
Heap:
 garbage-first heap   total 154624K, used 71211K [0x00000000c1800000, 0x0000000100000000)
  region size 1024K, 4 young (4096K), 4 survivors (4096K)
 Metaspace       used 37924K, committed 38208K, reserved 1089536K
  class space    used 4801K, committed 4928K, reserved 1048576K
GC Heap History (20 events):
Event: 23.569 GC heap after
{Heap after GC invocations=11 (full 0):
 garbage-first heap   total 48128K, used 24587K [0x00000000c1800000, 0x0000000100000000)
  region size 1024K, 2 young (2048K), 2 survivors (2048K)
 Metaspace       used 35421K, committed 35776K, reserved 1081344K
  class space    used 4590K, committed 4736K, reserved 1048576K
}
Event: 23.820 GC heap before
{Heap before GC invocations=11 (full 0):
 garbage-first heap   total 48128K, used 33803K [0x00000000c1800000, 0x0000000100000000)
  region size 1024K, 12 young (12288K), 2 survivors (2048K)
 Metaspace       used 35586K, committed 35968K, reserved 1081344K
  class space    used 4619K, committed 4800K, reserved 1048576K
}
Event: 23.828 GC heap after
{Heap after GC invocations=12 (full 0):
 garbage-first heap   total 48128K, used 26789K [0x00000000c1800000, 0x0000000100000000)
  region size 1024K, 2 young (2048K), 2 survivors (2048K)
 Metaspace       used 35586K, committed 35968K, reserved 1081344K
  class space    used 4619K, committed 4800K, reserved 1048576K
}
Event: 23.983 GC heap before
{Heap before GC invocations=12 (full 0):
 garbage-first heap   total 56320K, used 34981K [0x00000000c1800000, 0x0000000100000000)
  region size 1024K, 11 young (11264K), 2 survivors (2048K)
 Metaspace       used 35783K, committed 36160K, reserved 1081344K
  class space    used 4637K, committed 4800K, reserved 1048576K
}
Event: 23.991 GC heap after
{Heap after GC invocations=13 (full 0):
 garbage-first heap   total 70656K, used 28724K [0x00000000c1800000, 0x0000000100000000)
  region size 1024K, 2 young (2048K), 2 survivors (2048K)
 Metaspace       used 35783K, committed 36160K, reserved 1081344K
  class space    used 4637K, committed 4800K, reserved 1048576K
}
Event: 24.348 GC heap before
{Heap before GC invocations=14 (full 0):
 garbage-first heap   total 70656K, used 50228K [0x00000000c1800000, 0x0000000100000000)
  region size 1024K, 23 young (23552K), 2 survivors (2048K)
 Metaspace       used 35963K, committed 36288K, reserved 1081344K
  class space    used 4660K, committed 4800K, reserved 1048576K
}
Event: 24.358 GC heap after
{Heap after GC invocations=15 (full 0):
 garbage-first heap   total 70656K, used 32282K [0x00000000c1800000, 0x0000000100000000)
  region size 1024K, 3 young (3072K), 3 survivors (3072K)
 Metaspace       used 35963K, committed 36288K, reserved 1081344K
  class space    used 4660K, committed 4800K, reserved 1048576K
}
Event: 24.365 GC heap before
{Heap before GC invocations=15 (full 0):
 garbage-first heap   total 70656K, used 33306K [0x00000000c1800000, 0x0000000100000000)
  region size 1024K, 4 young (4096K), 3 survivors (3072K)
 Metaspace       used 35971K, committed 36288K, reserved 1081344K
  class space    used 4661K, committed 4800K, reserved 1048576K
}
Event: 24.373 GC heap after
{Heap after GC invocations=16 (full 0):
 garbage-first heap   total 70656K, used 32134K [0x00000000c1800000, 0x0000000100000000)
  region size 1024K, 1 young (1024K), 1 survivors (1024K)
 Metaspace       used 35971K, committed 36288K, reserved 1081344K
  class space    used 4661K, committed 4800K, reserved 1048576K
}
Event: 24.483 GC heap before
{Heap before GC invocations=16 (full 0):
 garbage-first heap   total 70656K, used 51590K [0x00000000c1800000, 0x0000000100000000)
  region size 1024K, 20 young (20480K), 1 survivors (1024K)
 Metaspace       used 36205K, committed 36544K, reserved 1081344K
  class space    used 4673K, committed 4800K, reserved 1048576K
}
Event: 24.492 GC heap after
{Heap after GC invocations=17 (full 0):
 garbage-first heap   total 70656K, used 34816K [0x00000000c1800000, 0x0000000100000000)
  region size 1024K, 3 young (3072K), 3 survivors (3072K)
 Metaspace       used 36205K, committed 36544K, reserved 1081344K
  class space    used 4673K, committed 4800K, reserved 1048576K
}
Event: 24.573 GC heap before
{Heap before GC invocations=17 (full 0):
 garbage-first heap   total 70656K, used 53248K [0x00000000c1800000, 0x0000000100000000)
  region size 1024K, 21 young (21504K), 3 survivors (3072K)
 Metaspace       used 36237K, committed 36544K, reserved 1081344K
  class space    used 4678K, committed 4800K, reserved 1048576K
}
Event: 24.585 GC heap after
{Heap after GC invocations=18 (full 0):
 garbage-first heap   total 154624K, used 38149K [0x00000000c1800000, 0x0000000100000000)
  region size 1024K, 3 young (3072K), 3 survivors (3072K)
 Metaspace       used 36237K, committed 36544K, reserved 1081344K
  class space    used 4678K, committed 4800K, reserved 1048576K
}
Event: 25.965 GC heap before
{Heap before GC invocations=18 (full 0):
 garbage-first heap   total 154624K, used 107781K [0x00000000c1800000, 0x0000000100000000)
  region size 1024K, 70 young (71680K), 3 survivors (3072K)
 Metaspace       used 37685K, committed 38016K, reserved 1089536K
  class space    used 4773K, committed 4928K, reserved 1048576K
}
Event: 26.045 GC heap after
{Heap after GC invocations=19 (full 0):
 garbage-first heap   total 154624K, used 64114K [0x00000000c1800000, 0x0000000100000000)
  region size 1024K, 9 young (9216K), 9 survivors (9216K)
 Metaspace       used 37685K, committed 38016K, reserved 1089536K
  class space    used 4773K, committed 4928K, reserved 1048576K
}
Event: 26.201 GC heap before
{Heap before GC invocations=19 (full 0):
 garbage-first heap   total 154624K, used 104050K [0x00000000c1800000, 0x0000000100000000)
  region size 1024K, 49 young (50176K), 9 survivors (9216K)
 Metaspace       used 37826K, committed 38144K, reserved 1089536K
  class space    used 4798K, committed 4928K, reserved 1048576K
}
Event: 26.222 GC heap after
{Heap after GC invocations=20 (full 0):
 garbage-first heap   total 154624K, used 68345K [0x00000000c1800000, 0x0000000100000000)
  region size 1024K, 3 young (3072K), 3 survivors (3072K)
 Metaspace       used 37826K, committed 38144K, reserved 1089536K
  class space    used 4798K, committed 4928K, reserved 1048576K
}
Event: 26.270 GC heap before
{Heap before GC invocations=20 (full 0):
 garbage-first heap   total 154624K, used 109305K [0x00000000c1800000, 0x0000000100000000)
  region size 1024K, 44 young (45056K), 3 survivors (3072K)
 Metaspace       used 37924K, committed 38208K, reserved 1089536K
  class space    used 4801K, committed 4928K, reserved 1048576K
}
Event: 26.274 GC heap after
{Heap after GC invocations=21 (full 0):
 garbage-first heap   total 154624K, used 69233K [0x00000000c1800000, 0x0000000100000000)
  region size 1024K, 4 young (4096K), 4 survivors (4096K)
 Metaspace       used 37924K, committed 38208K, reserved 1089536K
  class space    used 4801K, committed 4928K, reserved 1048576K
}
Event: 26.333 GC heap before
{Heap before GC invocations=21 (full 0):
 garbage-first heap   total 154624K, used 113265K [0x00000000c1800000, 0x0000000100000000)
  region size 1024K, 49 young (50176K), 4 survivors (4096K)
 Metaspace       used 37924K, committed 38208K, reserved 1089536K
  class space    used 4801K, committed 4928K, reserved 1048576K
}

