# JRE version: OpenJDK Runtime Environment Temurin-17.0.4.1+1 (17.0.4.1+1) (build 17.0.4.1+1)
# Java VM: OpenJDK 64-Bit Server VM Temurin-17.0.4.1+1 (17.0.4.1+1, mixed mode, emulated-client, tiered, compressed oops, compressed class ptrs, g1 gc, windows-amd64)
GC Precious Log:
 CPUs: 4 total, 4 available
 Memory: 3992M
 Large Page Support: Disabled
 NUMA Support: Disabled
 Compressed Oops: Enabled (32-bit)
 Heap Region Size: 1M
 Heap Min Capacity: 8M
 Heap Initial Capacity: 64M
 Heap Max Capacity: 1000M
 Pre-touch: Disabled
 Parallel Workers: 4
 Concurrent Workers: 1
 Concurrent Refinement Workers: 4
 Periodic GC: Disabled
Heap:
 garbage-first heap   total 92160K, used 27103K [0x00000000c1800000, 0x0000000100000000)
  region size 1024K, 1 young (1024K), 0 survivors (0K)
 Metaspace       used 47011K, committed 47360K, reserved 1097728K
  class space    used 6411K, committed 6528K, reserved 1048576K
GC Heap History (20 events):
Event: 2847.962 GC heap before
{Heap before GC invocations=278 (full 238):
 garbage-first heap   total 92160K, used 27103K [0x00000000c1800000, 0x0000000100000000)
  region size 1024K, 1 young (1024K), 0 survivors (0K)
 Metaspace       used 47011K, committed 47360K, reserved 1097728K
  class space    used 6411K, committed 6528K, reserved 1048576K
}
Event: 2848.060 GC heap after
{Heap after GC invocations=279 (full 239):
 garbage-first heap   total 92160K, used 27103K [0x00000000c1800000, 0x0000000100000000)
  region size 1024K, 0 young (0K), 0 survivors (0K)
 Metaspace       used 47011K, committed 47360K, reserved 1097728K
  class space    used 6411K, committed 6528K, reserved 1048576K
}
Event: 2863.010 GC heap before
{Heap before GC invocations=279 (full 239):
 garbage-first heap   total 92160K, used 27103K [0x00000000c1800000, 0x0000000100000000)
  region size 1024K, 1 young (1024K), 0 survivors (0K)
 Metaspace       used 47011K, committed 47360K, reserved 1097728K
  class space    used 6411K, committed 6528K, reserved 1048576K
}
Event: 2863.073 GC heap after
{Heap after GC invocations=280 (full 240):
 garbage-first heap   total 92160K, used 27103K [0x00000000c1800000, 0x0000000100000000)
  region size 1024K, 0 young (0K), 0 survivors (0K)
 Metaspace       used 47011K, committed 47360K, reserved 1097728K
  class space    used 6411K, committed 6528K, reserved 1048576K
}
Event: 2874.591 GC heap before
{Heap before GC invocations=280 (full 240):
 garbage-first heap   total 92160K, used 27103K [0x00000000c1800000, 0x0000000100000000)
  region size 1024K, 1 young (1024K), 0 survivors (0K)
 Metaspace       used 47011K, committed 47360K, reserved 1097728K
  class space    used 6411K, committed 6528K, reserved 1048576K
}
Event: 2874.655 GC heap after
{Heap after GC invocations=281 (full 241):
 garbage-first heap   total 92160K, used 27103K [0x00000000c1800000, 0x0000000100000000)
  region size 1024K, 0 young (0K), 0 survivors (0K)
 Metaspace       used 47011K, committed 47360K, reserved 1097728K
  class space    used 6411K, committed 6528K, reserved 1048576K
}
Event: 2887.028 GC heap before
{Heap before GC invocations=281 (full 241):
 garbage-first heap   total 92160K, used 27103K [0x00000000c1800000, 0x0000000100000000)
  region size 1024K, 1 young (1024K), 0 survivors (0K)
 Metaspace       used 47011K, committed 47360K, reserved 1097728K
  class space    used 6411K, committed 6528K, reserved 1048576K
}
Event: 2887.088 GC heap after
{Heap after GC invocations=282 (full 242):
 garbage-first heap   total 92160K, used 27103K [0x00000000c1800000, 0x0000000100000000)
  region size 1024K, 0 young (0K), 0 survivors (0K)
 Metaspace       used 47011K, committed 47360K, reserved 1097728K
  class space    used 6411K, committed 6528K, reserved 1048576K
}
Event: 2899.206 GC heap before
{Heap before GC invocations=282 (full 242):
 garbage-first heap   total 92160K, used 27103K [0x00000000c1800000, 0x0000000100000000)
  region size 1024K, 1 young (1024K), 0 survivors (0K)
 Metaspace       used 47011K, committed 47360K, reserved 1097728K
  class space    used 6411K, committed 6528K, reserved 1048576K
}
Event: 2899.290 GC heap after
{Heap after GC invocations=283 (full 243):
 garbage-first heap   total 92160K, used 27103K [0x00000000c1800000, 0x0000000100000000)
  region size 1024K, 0 young (0K), 0 survivors (0K)
 Metaspace       used 47011K, committed 47360K, reserved 1097728K
  class space    used 6411K, committed 6528K, reserved 1048576K
}
Event: 2909.787 GC heap before
{Heap before GC invocations=283 (full 243):
 garbage-first heap   total 92160K, used 27103K [0x00000000c1800000, 0x0000000100000000)
  region size 1024K, 1 young (1024K), 0 survivors (0K)
 Metaspace       used 47011K, committed 47360K, reserved 1097728K
  class space    used 6411K, committed 6528K, reserved 1048576K
}
Event: 2909.862 GC heap after
{Heap after GC invocations=284 (full 244):
 garbage-first heap   total 92160K, used 27103K [0x00000000c1800000, 0x0000000100000000)
  region size 1024K, 0 young (0K), 0 survivors (0K)
 Metaspace       used 47011K, committed 47360K, reserved 1097728K
  class space    used 6411K, committed 6528K, reserved 1048576K
}
Event: 2921.748 GC heap before
{Heap before GC invocations=284 (full 244):
 garbage-first heap   total 92160K, used 27103K [0x00000000c1800000, 0x0000000100000000)
  region size 1024K, 1 young (1024K), 0 survivors (0K)
 Metaspace       used 47011K, committed 47360K, reserved 1097728K
  class space    used 6411K, committed 6528K, reserved 1048576K
}
Event: 2921.809 GC heap after
{Heap after GC invocations=285 (full 245):
 garbage-first heap   total 92160K, used 27103K [0x00000000c1800000, 0x0000000100000000)
  region size 1024K, 0 young (0K), 0 survivors (0K)
 Metaspace       used 47011K, committed 47360K, reserved 1097728K
  class space    used 6411K, committed 6528K, reserved 1048576K
}
Event: 2932.379 GC heap before
{Heap before GC invocations=285 (full 245):
 garbage-first heap   total 92160K, used 27103K [0x00000000c1800000, 0x0000000100000000)
  region size 1024K, 1 young (1024K), 0 survivors (0K)
 Metaspace       used 47011K, committed 47360K, reserved 1097728K
  class space    used 6411K, committed 6528K, reserved 1048576K
}
Event: 2932.451 GC heap after
{Heap after GC invocations=286 (full 246):
 garbage-first heap   total 92160K, used 27103K [0x00000000c1800000, 0x0000000100000000)
  region size 1024K, 0 young (0K), 0 survivors (0K)
 Metaspace       used 47011K, committed 47360K, reserved 1097728K
  class space    used 6411K, committed 6528K, reserved 1048576K
}
Event: 2943.822 GC heap before
{Heap before GC invocations=286 (full 246):
 garbage-first heap   total 92160K, used 27103K [0x00000000c1800000, 0x0000000100000000)
  region size 1024K, 1 young (1024K), 0 survivors (0K)
 Metaspace       used 47011K, committed 47360K, reserved 1097728K
  class space    used 6411K, committed 6528K, reserved 1048576K
}
Event: 2943.901 GC heap after
{Heap after GC invocations=287 (full 247):
 garbage-first heap   total 92160K, used 27103K [0x00000000c1800000, 0x0000000100000000)
  region size 1024K, 0 young (0K), 0 survivors (0K)
 Metaspace       used 47011K, committed 47360K, reserved 1097728K
  class space    used 6411K, committed 6528K, reserved 1048576K
}
Event: 2954.533 GC heap before
{Heap before GC invocations=287 (full 247):
 garbage-first heap   total 92160K, used 27103K [0x00000000c1800000, 0x0000000100000000)
  region size 1024K, 1 young (1024K), 0 survivors (0K)
 Metaspace       used 47011K, committed 47360K, reserved 1097728K
  class space    used 6411K, committed 6528K, reserved 1048576K
}
Event: 2954.602 GC heap after
{Heap after GC invocations=288 (full 248):
 garbage-first heap   total 92160K, used 27103K [0x00000000c1800000, 0x0000000100000000)
  region size 1024K, 0 young (0K), 0 survivors (0K)
 Metaspace       used 47011K, committed 47360K, reserved 1097728K
  class space    used 6411K, committed 6528K, reserved 1048576K
}

