# JRE version: OpenJDK Runtime Environment Temurin-17.0.4.1+1 (17.0.4.1+1) (build 17.0.4.1+1)
# Java VM: OpenJDK 64-Bit Server VM Temurin-17.0.4.1+1 (17.0.4.1+1, mixed mode, emulated-client, tiered, compressed oops, compressed class ptrs, g1 gc, windows-amd64)
GC Precious Log:
 CPUs: 4 total, 4 available
 Memory: 3992M
 Large Page Support: Disabled
 NUMA Support: Disabled
 Compressed Oops: Enabled (32-bit)
 Heap Region Size: 1M
 Heap Min Capacity: 8M
 Heap Initial Capacity: 64M
 Heap Max Capacity: 1000M
 Pre-touch: Disabled
 Parallel Workers: 4
 Concurrent Workers: 1
 Concurrent Refinement Workers: 4
 Periodic GC: Disabled
Heap:
 garbage-first heap   total 250880K, used 120849K [0x00000000c1800000, 0x0000000100000000)
  region size 1024K, 2 young (2048K), 2 survivors (2048K)
 Metaspace       used 39117K, committed 39488K, reserved 1089536K
  class space    used 4945K, committed 5120K, reserved 1048576K
GC Heap History (20 events):
Event: 26.429 GC heap after
{Heap after GC invocations=28 (full 0):
 garbage-first heap   total 190464K, used 96269K [0x00000000c1800000, 0x0000000100000000)
  region size 1024K, 7 young (7168K), 7 survivors (7168K)
 Metaspace       used 39117K, committed 39488K, reserved 1089536K
  class space    used 4945K, committed 5120K, reserved 1048576K
}
Event: 26.522 GC heap before
{Heap before GC invocations=28 (full 0):
 garbage-first heap   total 190464K, used 159757K [0x00000000c1800000, 0x0000000100000000)
  region size 1024K, 70 young (71680K), 7 survivors (7168K)
 Metaspace       used 39117K, committed 39488K, reserved 1089536K
  class space    used 4945K, committed 5120K, reserved 1048576K
}
Event: 26.531 GC heap after
{Heap after GC invocations=29 (full 0):
 garbage-first heap   total 190464K, used 99211K [0x00000000c1800000, 0x0000000100000000)
  region size 1024K, 6 young (6144K), 6 survivors (6144K)
 Metaspace       used 39117K, committed 39488K, reserved 1089536K
  class space    used 4945K, committed 5120K, reserved 1048576K
}
Event: 27.254 GC heap before
{Heap before GC invocations=30 (full 0):
 garbage-first heap   total 227328K, used 155531K [0x00000000c1800000, 0x0000000100000000)
  region size 1024K, 63 young (64512K), 6 survivors (6144K)
 Metaspace       used 39117K, committed 39488K, reserved 1089536K
  class space    used 4945K, committed 5120K, reserved 1048576K
}
Event: 27.265 GC heap after
{Heap after GC invocations=31 (full 0):
 garbage-first heap   total 227328K, used 101069K [0x00000000c1800000, 0x0000000100000000)
  region size 1024K, 6 young (6144K), 6 survivors (6144K)
 Metaspace       used 39117K, committed 39488K, reserved 1089536K
  class space    used 4945K, committed 5120K, reserved 1048576K
}
Event: 27.277 GC heap before
{Heap before GC invocations=31 (full 0):
 garbage-first heap   total 227328K, used 105165K [0x00000000c1800000, 0x0000000100000000)
  region size 1024K, 11 young (11264K), 6 survivors (6144K)
 Metaspace       used 39117K, committed 39488K, reserved 1089536K
  class space    used 4945K, committed 5120K, reserved 1048576K
}
Event: 27.287 GC heap after
{Heap after GC invocations=32 (full 0):
 garbage-first heap   total 227328K, used 100456K [0x00000000c1800000, 0x0000000100000000)
  region size 1024K, 1 young (1024K), 1 survivors (1024K)
 Metaspace       used 39117K, committed 39488K, reserved 1089536K
  class space    used 4945K, committed 5120K, reserved 1048576K
}
Event: 27.903 GC heap before
{Heap before GC invocations=32 (full 0):
 garbage-first heap   total 227328K, used 188520K [0x00000000c1800000, 0x0000000100000000)
  region size 1024K, 88 young (90112K), 1 survivors (1024K)
 Metaspace       used 39117K, committed 39488K, reserved 1089536K
  class space    used 4945K, committed 5120K, reserved 1048576K
}
Event: 27.908 GC heap after
{Heap after GC invocations=33 (full 0):
 garbage-first heap   total 227328K, used 103046K [0x00000000c1800000, 0x0000000100000000)
  region size 1024K, 4 young (4096K), 4 survivors (4096K)
 Metaspace       used 39117K, committed 39488K, reserved 1089536K
  class space    used 4945K, committed 5120K, reserved 1048576K
}
Event: 28.041 GC heap before
{Heap before GC invocations=33 (full 0):
 garbage-first heap   total 227328K, used 189062K [0x00000000c1800000, 0x0000000100000000)
  region size 1024K, 89 young (91136K), 4 survivors (4096K)
 Metaspace       used 39117K, committed 39488K, reserved 1089536K
  class space    used 4945K, committed 5120K, reserved 1048576K
}
Event: 28.049 GC heap after
{Heap after GC invocations=34 (full 0):
 garbage-first heap   total 227328K, used 105905K [0x00000000c1800000, 0x0000000100000000)
  region size 1024K, 7 young (7168K), 7 survivors (7168K)
 Metaspace       used 39117K, committed 39488K, reserved 1089536K
  class space    used 4945K, committed 5120K, reserved 1048576K
}
Event: 28.272 GC heap before
{Heap before GC invocations=34 (full 0):
 garbage-first heap   total 227328K, used 189873K [0x00000000c1800000, 0x0000000100000000)
  region size 1024K, 90 young (92160K), 7 survivors (7168K)
 Metaspace       used 39117K, committed 39488K, reserved 1089536K
  class space    used 4945K, committed 5120K, reserved 1048576K
}
Event: 28.285 GC heap after
{Heap after GC invocations=35 (full 0):
 garbage-first heap   total 227328K, used 109209K [0x00000000c1800000, 0x0000000100000000)
  region size 1024K, 10 young (10240K), 10 survivors (10240K)
 Metaspace       used 39117K, committed 39488K, reserved 1089536K
  class space    used 4945K, committed 5120K, reserved 1048576K
}
Event: 31.602 GC heap before
{Heap before GC invocations=35 (full 0):
 garbage-first heap   total 227328K, used 191129K [0x00000000c1800000, 0x0000000100000000)
  region size 1024K, 91 young (93184K), 10 survivors (10240K)
 Metaspace       used 39117K, committed 39488K, reserved 1089536K
  class space    used 4945K, committed 5120K, reserved 1048576K
}
Event: 31.618 GC heap after
{Heap after GC invocations=36 (full 0):
 garbage-first heap   total 227328K, used 112795K [0x00000000c1800000, 0x0000000100000000)
  region size 1024K, 7 young (7168K), 7 survivors (7168K)
 Metaspace       used 39117K, committed 39488K, reserved 1089536K
  class space    used 4945K, committed 5120K, reserved 1048576K
}
Event: 33.165 GC heap before
{Heap before GC invocations=36 (full 0):
 garbage-first heap   total 227328K, used 192667K [0x00000000c1800000, 0x0000000100000000)
  region size 1024K, 86 young (88064K), 7 survivors (7168K)
 Metaspace       used 39117K, committed 39488K, reserved 1089536K
  class space    used 4945K, committed 5120K, reserved 1048576K
}
Event: 33.176 GC heap after
{Heap after GC invocations=37 (full 0):
 garbage-first heap   total 227328K, used 116634K [0x00000000c1800000, 0x0000000100000000)
  region size 1024K, 7 young (7168K), 7 survivors (7168K)
 Metaspace       used 39117K, committed 39488K, reserved 1089536K
  class space    used 4945K, committed 5120K, reserved 1048576K
}
Event: 33.684 GC heap before
{Heap before GC invocations=38 (full 0):
 garbage-first heap   total 250880K, used 193434K [0x00000000c1800000, 0x0000000100000000)
  region size 1024K, 83 young (84992K), 7 survivors (7168K)
 Metaspace       used 39117K, committed 39488K, reserved 1089536K
  class space    used 4945K, committed 5120K, reserved 1048576K
}
Event: 33.694 GC heap after
{Heap after GC invocations=39 (full 0):
 garbage-first heap   total 250880K, used 121851K [0x00000000c1800000, 0x0000000100000000)
  region size 1024K, 9 young (9216K), 9 survivors (9216K)
 Metaspace       used 39117K, committed 39488K, reserved 1089536K
  class space    used 4945K, committed 5120K, reserved 1048576K
}
Event: 33.698 GC heap before
{Heap before GC invocations=39 (full 0):
 garbage-first heap   total 250880K, used 123899K [0x00000000c1800000, 0x0000000100000000)
  region size 1024K, 12 young (12288K), 9 survivors (9216K)
 Metaspace       used 39117K, committed 39488K, reserved 1089536K
  class space    used 4945K, committed 5120K, reserved 1048576K
}

