# JRE version: OpenJDK Runtime Environment Temurin-17.0.4.1+1 (17.0.4.1+1) (build 17.0.4.1+1)
# Java VM: OpenJDK 64-Bit Server VM Temurin-17.0.4.1+1 (17.0.4.1+1, mixed mode, emulated-client, tiered, compressed oops, compressed class ptrs, g1 gc, windows-amd64)
GC Precious Log:
 CPUs: 4 total, 4 available
 Memory: 3992M
 Large Page Support: Disabled
 NUMA Support: Disabled
 Compressed Oops: Enabled (32-bit)
 Heap Region Size: 1M
 Heap Min Capacity: 8M
 Heap Initial Capacity: 64M
 Heap Max Capacity: 1000M
 Pre-touch: Disabled
 Parallel Workers: 4
 Concurrent Workers: 1
 Concurrent Refinement Workers: 4
 Periodic GC: Disabled
Heap:
 garbage-first heap   total 51200K, used 18267K [0x00000000c1800000, 0x0000000100000000)
  region size 1024K, 6 young (6144K), 3 survivors (3072K)
 Metaspace       used 28853K, committed 29120K, reserved 1081344K
  class space    used 3614K, committed 3776K, reserved 1048576K
GC Heap History (12 events):
Event: 5.759 GC heap before
{Heap before GC invocations=0 (full 0):
 garbage-first heap   total 65536K, used 12288K [0x00000000c1800000, 0x0000000100000000)
  region size 1024K, 13 young (13312K), 0 survivors (0K)
 Metaspace       used 6421K, committed 6656K, reserved 1056768K
  class space    used 648K, committed 768K, reserved 1048576K
}
Event: 5.769 GC heap after
{Heap after GC invocations=1 (full 0):
 garbage-first heap   total 65536K, used 6841K [0x00000000c1800000, 0x0000000100000000)
  region size 1024K, 2 young (2048K), 2 survivors (2048K)
 Metaspace       used 6421K, committed 6656K, reserved 1056768K
  class space    used 648K, committed 768K, reserved 1048576K
}
Event: 7.249 GC heap before
{Heap before GC invocations=1 (full 0):
 garbage-first heap   total 65536K, used 17081K [0x00000000c1800000, 0x0000000100000000)
  region size 1024K, 12 young (12288K), 2 survivors (2048K)
 Metaspace       used 10079K, committed 10176K, reserved 1064960K
  class space    used 1127K, committed 1152K, reserved 1048576K
}
Event: 7.258 GC heap after
{Heap after GC invocations=2 (full 0):
 garbage-first heap   total 65536K, used 8478K [0x00000000c1800000, 0x0000000100000000)
  region size 1024K, 2 young (2048K), 2 survivors (2048K)
 Metaspace       used 10079K, committed 10176K, reserved 1064960K
  class space    used 1127K, committed 1152K, reserved 1048576K
}
Event: 8.352 GC heap before
{Heap before GC invocations=2 (full 0):
 garbage-first heap   total 65536K, used 27934K [0x00000000c1800000, 0x0000000100000000)
  region size 1024K, 21 young (21504K), 2 survivors (2048K)
 Metaspace       used 15845K, committed 16064K, reserved 1064960K
  class space    used 1904K, committed 1984K, reserved 1048576K
}
Event: 8.368 GC heap after
{Heap after GC invocations=3 (full 0):
 garbage-first heap   total 65536K, used 11127K [0x00000000c1800000, 0x0000000100000000)
  region size 1024K, 3 young (3072K), 3 survivors (3072K)
 Metaspace       used 15845K, committed 16064K, reserved 1064960K
  class space    used 1904K, committed 1984K, reserved 1048576K
}
Event: 10.853 GC heap before
{Heap before GC invocations=3 (full 0):
 garbage-first heap   total 65536K, used 34679K [0x00000000c1800000, 0x0000000100000000)
  region size 1024K, 28 young (28672K), 3 survivors (3072K)
 Metaspace       used 21336K, committed 21504K, reserved 1073152K
  class space    used 2598K, committed 2688K, reserved 1048576K
}
Event: 10.865 GC heap after
{Heap after GC invocations=4 (full 0):
 garbage-first heap   total 65536K, used 12836K [0x00000000c1800000, 0x0000000100000000)
  region size 1024K, 4 young (4096K), 4 survivors (4096K)
 Metaspace       used 21336K, committed 21504K, reserved 1073152K
  class space    used 2598K, committed 2688K, reserved 1048576K
}
Event: 15.347 GC heap before
{Heap before GC invocations=5 (full 0):
 garbage-first heap   total 51200K, used 37412K [0x00000000c1800000, 0x0000000100000000)
  region size 1024K, 30 young (30720K), 4 survivors (4096K)
 Metaspace       used 25472K, committed 25728K, reserved 1073152K
  class space    used 3126K, committed 3264K, reserved 1048576K
}
Event: 15.360 GC heap after
{Heap after GC invocations=6 (full 0):
 garbage-first heap   total 51200K, used 14055K [0x00000000c1800000, 0x0000000100000000)
  region size 1024K, 3 young (3072K), 3 survivors (3072K)
 Metaspace       used 25472K, committed 25728K, reserved 1073152K
  class space    used 3126K, committed 3264K, reserved 1048576K
}
Event: 23.377 GC heap before
{Heap before GC invocations=6 (full 0):
 garbage-first heap   total 51200K, used 32487K [0x00000000c1800000, 0x0000000100000000)
  region size 1024K, 22 young (22528K), 3 survivors (3072K)
 Metaspace       used 28615K, committed 28864K, reserved 1081344K
  class space    used 3578K, committed 3712K, reserved 1048576K
}
Event: 23.391 GC heap after
{Heap after GC invocations=7 (full 0):
 garbage-first heap   total 51200K, used 16219K [0x00000000c1800000, 0x0000000100000000)
  region size 1024K, 3 young (3072K), 3 survivors (3072K)
 Metaspace       used 28615K, committed 28864K, reserved 1081344K
  class space    used 3578K, committed 3712K, reserved 1048576K
}

