# JRE version: OpenJDK Runtime Environment Temurin-17.0.4.1+1 (17.0.4.1+1) (build 17.0.4.1+1)
# Java VM: OpenJDK 64-Bit Server VM Temurin-17.0.4.1+1 (17.0.4.1+1, mixed mode, emulated-client, tiered, compressed oops, compressed class ptrs, g1 gc, windows-amd64)
GC Precious Log:
 CPUs: 4 total, 4 available
 Memory: 3992M
 Large Page Support: Disabled
 NUMA Support: Disabled
 Compressed Oops: Enabled (32-bit)
 Heap Region Size: 1M
 Heap Min Capacity: 8M
 Heap Initial Capacity: 64M
 Heap Max Capacity: 1000M
 Pre-touch: Disabled
 Parallel Workers: 4
 Concurrent Workers: 1
 Concurrent Refinement Workers: 4
 Periodic GC: Disabled
Heap:
 garbage-first heap   total 197632K, used 82911K [0x00000000c1800000, 0x0000000100000000)
  region size 1024K, 7 young (7168K), 7 survivors (7168K)
 Metaspace       used 37472K, committed 37760K, reserved 1089536K
  class space    used 4787K, committed 4928K, reserved 1048576K
GC Heap History (20 events):
Event: 20.726 GC heap after
{Heap after GC invocations=18 (full 0):
 garbage-first heap   total 73728K, used 41063K [0x00000000c1800000, 0x0000000100000000)
  region size 1024K, 3 young (3072K), 3 survivors (3072K)
 Metaspace       used 36089K, committed 36416K, reserved 1081344K
  class space    used 4665K, committed 4800K, reserved 1048576K
}
Event: 20.738 GC heap before
{Heap before GC invocations=18 (full 0):
 garbage-first heap   total 73728K, used 42087K [0x00000000c1800000, 0x0000000100000000)
  region size 1024K, 4 young (4096K), 3 survivors (3072K)
 Metaspace       used 36089K, committed 36416K, reserved 1081344K
  class space    used 4665K, committed 4800K, reserved 1048576K
}
Event: 20.744 GC heap after
{Heap after GC invocations=19 (full 0):
 garbage-first heap   total 73728K, used 40956K [0x00000000c1800000, 0x0000000100000000)
  region size 1024K, 1 young (1024K), 1 survivors (1024K)
 Metaspace       used 36089K, committed 36416K, reserved 1081344K
  class space    used 4665K, committed 4800K, reserved 1048576K
}
Event: 20.853 GC heap before
{Heap before GC invocations=19 (full 0):
 garbage-first heap   total 73728K, used 56316K [0x00000000c1800000, 0x0000000100000000)
  region size 1024K, 16 young (16384K), 1 survivors (1024K)
 Metaspace       used 36146K, committed 36480K, reserved 1081344K
  class space    used 4668K, committed 4800K, reserved 1048576K
}
Event: 20.870 GC heap after
{Heap after GC invocations=20 (full 0):
 garbage-first heap   total 197632K, used 46558K [0x00000000c1800000, 0x0000000100000000)
  region size 1024K, 2 young (2048K), 2 survivors (2048K)
 Metaspace       used 36146K, committed 36480K, reserved 1081344K
  class space    used 4668K, committed 4800K, reserved 1048576K
}
Event: 22.712 GC heap before
{Heap before GC invocations=21 (full 0):
 garbage-first heap   total 181248K, used 136670K [0x00000000c1800000, 0x0000000100000000)
  region size 1024K, 89 young (91136K), 2 survivors (2048K)
 Metaspace       used 36949K, committed 37312K, reserved 1081344K
  class space    used 4756K, committed 4928K, reserved 1048576K
}
Event: 22.774 GC heap after
{Heap after GC invocations=22 (full 0):
 garbage-first heap   total 181248K, used 66842K [0x00000000c1800000, 0x0000000100000000)
  region size 1024K, 12 young (12288K), 12 survivors (12288K)
 Metaspace       used 36949K, committed 37312K, reserved 1081344K
  class space    used 4756K, committed 4928K, reserved 1048576K
}
Event: 22.789 GC heap before
{Heap before GC invocations=22 (full 0):
 garbage-first heap   total 181248K, used 66842K [0x00000000c1800000, 0x0000000100000000)
  region size 1024K, 13 young (13312K), 12 survivors (12288K)
 Metaspace       used 36949K, committed 37312K, reserved 1081344K
  class space    used 4756K, committed 4928K, reserved 1048576K
}
Event: 22.815 GC heap after
{Heap after GC invocations=23 (full 0):
 garbage-first heap   total 181248K, used 69025K [0x00000000c1800000, 0x0000000100000000)
  region size 1024K, 2 young (2048K), 2 survivors (2048K)
 Metaspace       used 36949K, committed 37312K, reserved 1081344K
  class space    used 4756K, committed 4928K, reserved 1048576K
}
Event: 23.332 GC heap before
{Heap before GC invocations=23 (full 0):
 garbage-first heap   total 181248K, used 125345K [0x00000000c1800000, 0x0000000100000000)
  region size 1024K, 58 young (59392K), 2 survivors (2048K)
 Metaspace       used 37120K, committed 37440K, reserved 1081344K
  class space    used 4768K, committed 4928K, reserved 1048576K
}
Event: 23.339 GC heap after
{Heap after GC invocations=24 (full 0):
 garbage-first heap   total 181248K, used 69501K [0x00000000c1800000, 0x0000000100000000)
  region size 1024K, 3 young (3072K), 3 survivors (3072K)
 Metaspace       used 37120K, committed 37440K, reserved 1081344K
  class space    used 4768K, committed 4928K, reserved 1048576K
}
Event: 23.698 GC heap before
{Heap before GC invocations=24 (full 0):
 garbage-first heap   total 181248K, used 127869K [0x00000000c1800000, 0x0000000100000000)
  region size 1024K, 61 young (62464K), 3 survivors (3072K)
 Metaspace       used 37159K, committed 37504K, reserved 1081344K
  class space    used 4772K, committed 4928K, reserved 1048576K
}
Event: 23.709 GC heap after
{Heap after GC invocations=25 (full 0):
 garbage-first heap   total 181248K, used 71780K [0x00000000c1800000, 0x0000000100000000)
  region size 1024K, 5 young (5120K), 5 survivors (5120K)
 Metaspace       used 37159K, committed 37504K, reserved 1081344K
  class space    used 4772K, committed 4928K, reserved 1048576K
}
Event: 23.994 GC heap before
{Heap before GC invocations=25 (full 0):
 garbage-first heap   total 181248K, used 134244K [0x00000000c1800000, 0x0000000100000000)
  region size 1024K, 67 young (68608K), 5 survivors (5120K)
 Metaspace       used 37169K, committed 37504K, reserved 1081344K
  class space    used 4772K, committed 4928K, reserved 1048576K
}
Event: 24.001 GC heap after
{Heap after GC invocations=26 (full 0):
 garbage-first heap   total 181248K, used 74544K [0x00000000c1800000, 0x0000000100000000)
  region size 1024K, 8 young (8192K), 8 survivors (8192K)
 Metaspace       used 37169K, committed 37504K, reserved 1081344K
  class space    used 4772K, committed 4928K, reserved 1048576K
}
Event: 24.507 GC heap before
{Heap before GC invocations=26 (full 0):
 garbage-first heap   total 181248K, used 138032K [0x00000000c1800000, 0x0000000100000000)
  region size 1024K, 71 young (72704K), 8 survivors (8192K)
 Metaspace       used 37369K, committed 37696K, reserved 1089536K
  class space    used 4783K, committed 4928K, reserved 1048576K
}
Event: 24.518 GC heap after
{Heap after GC invocations=27 (full 0):
 garbage-first heap   total 181248K, used 76613K [0x00000000c1800000, 0x0000000100000000)
  region size 1024K, 5 young (5120K), 5 survivors (5120K)
 Metaspace       used 37369K, committed 37696K, reserved 1089536K
  class space    used 4783K, committed 4928K, reserved 1048576K
}
Event: 24.622 GC heap before
{Heap before GC invocations=27 (full 0):
 garbage-first heap   total 181248K, used 141125K [0x00000000c1800000, 0x0000000100000000)
  region size 1024K, 69 young (70656K), 5 survivors (5120K)
 Metaspace       used 37415K, committed 37760K, reserved 1089536K
  class space    used 4785K, committed 4928K, reserved 1048576K
}
Event: 24.630 GC heap after
{Heap after GC invocations=28 (full 0):
 garbage-first heap   total 181248K, used 79483K [0x00000000c1800000, 0x0000000100000000)
  region size 1024K, 8 young (8192K), 8 survivors (8192K)
 Metaspace       used 37415K, committed 37760K, reserved 1089536K
  class space    used 4785K, committed 4928K, reserved 1048576K
}
Event: 24.704 GC heap before
{Heap before GC invocations=28 (full 0):
 garbage-first heap   total 181248K, used 143995K [0x00000000c1800000, 0x0000000100000000)
  region size 1024K, 72 young (73728K), 8 survivors (8192K)
 Metaspace       used 37472K, committed 37760K, reserved 1089536K
  class space    used 4787K, committed 4928K, reserved 1048576K
}

